Analysis & Synthesis report for fifo
Tue Jun 13 10:28:03 2017
Quartus II Version 11.0 Build 157 04/27/2011 SJ Full Version


---------------------
; Table of Contents ;
---------------------
  1. Legal Notice
  2. Analysis & Synthesis Summary
  3. Analysis & Synthesis Settings
  4. Parallel Compilation
  5. Analysis & Synthesis Source Files Read
  6. Analysis & Synthesis Resource Usage Summary
  7. Analysis & Synthesis Resource Utilization by Entity
  8. Analysis & Synthesis RAM Summary
  9. Registers Removed During Synthesis
 10. General Register Statistics
 11. Inverted Register Statistics
 12. Registers Added for RAM Pass-Through Logic
 13. Multiplexer Restructuring Statistics (Restructuring Performed)
 14. Source assignments for altsyncram:ram_rtl_0|altsyncram_4dc1:auto_generated
 15. Parameter Settings for User Entity Instance: Top-level Entity: |fifo
 16. Parameter Settings for Inferred Entity Instance: altsyncram:ram_rtl_0
 17. altsyncram Parameter Settings by Entity Instance
 18. Elapsed Time Per Partition
 19. Analysis & Synthesis Messages
 20. Analysis & Synthesis Suppressed Messages



----------------
; Legal Notice ;
----------------
Copyright (C) 1991-2011 Altera Corporation
Your use of Altera Corporation's design tools, logic functions 
and other software and tools, and its AMPP partner logic 
functions, and any output files from any of the foregoing 
(including device programming or simulation files), and any 
associated documentation or information are expressly subject 
to the terms and conditions of the Altera Program License 
Subscription Agreement, Altera MegaCore Function License 
Agreement, or other applicable license agreement, including, 
without limitation, that your use is for the sole purpose of 
programming logic devices manufactured by Altera and sold by 
Altera or its authorized distributors.  Please refer to the 
applicable agreement for further details.



+--------------------------------------------------------------------------------+
; Analysis & Synthesis Summary                                                   ;
+------------------------------------+-------------------------------------------+
; Analysis & Synthesis Status        ; Successful - Tue Jun 13 10:28:03 2017     ;
; Quartus II Version                 ; 11.0 Build 157 04/27/2011 SJ Full Version ;
; Revision Name                      ; fifo                                      ;
; Top-level Entity Name              ; fifo                                      ;
; Family                             ; Cyclone IV E                              ;
; Total logic elements               ; 163                                       ;
;     Total combinational functions  ; 138                                       ;
;     Dedicated logic registers      ; 79                                        ;
; Total registers                    ; 79                                        ;
; Total pins                         ; 18                                        ;
; Total virtual pins                 ; 0                                         ;
; Total memory bits                  ; 512                                       ;
; Embedded Multiplier 9-bit elements ; 0                                         ;
; Total PLLs                         ; 0                                         ;
+------------------------------------+-------------------------------------------+


+----------------------------------------------------------------------------------------------------------------------+
; Analysis & Synthesis Settings                                                                                        ;
+----------------------------------------------------------------------------+--------------------+--------------------+
; Option                                                                     ; Setting            ; Default Value      ;
+----------------------------------------------------------------------------+--------------------+--------------------+
; Device                                                                     ; EP4CE6E22C8        ;                    ;
; Top-level entity name                                                      ; fifo               ; fifo               ;
; Family name                                                                ; Cyclone IV E       ; Cyclone IV GX      ;
; Use smart compilation                                                      ; Off                ; Off                ;
; Enable parallel Assembler and TimeQuest Timing Analyzer during compilation ; On                 ; On                 ;
; Enable compact report table                                                ; Off                ; Off                ;
; Restructure Multiplexers                                                   ; Auto               ; Auto               ;
; Create Debugging Nodes for IP Cores                                        ; Off                ; Off                ;
; Preserve fewer node names                                                  ; On                 ; On                 ;
; Disable OpenCore Plus hardware evaluation                                  ; Off                ; Off                ;
; Verilog Version                                                            ; Verilog_2001       ; Verilog_2001       ;
; VHDL Version                                                               ; VHDL_1993          ; VHDL_1993          ;
; State Machine Processing                                                   ; Auto               ; Auto               ;
; Safe State Machine                                                         ; Off                ; Off                ;
; Extract Verilog State Machines                                             ; On                 ; On                 ;
; Extract VHDL State Machines                                                ; On                 ; On                 ;
; Ignore Verilog initial constructs                                          ; Off                ; Off                ;
; Iteration limit for constant Verilog loops                                 ; 5000               ; 5000               ;
; Iteration limit for non-constant Verilog loops                             ; 250                ; 250                ;
; Add Pass-Through Logic to Inferred RAMs                                    ; On                 ; On                 ;
; Parallel Synthesis                                                         ; On                 ; On                 ;
; DSP Block Balancing                                                        ; Auto               ; Auto               ;
; NOT Gate Push-Back                                                         ; On                 ; On                 ;
; Power-Up Don't Care                                                        ; On                 ; On                 ;
; Remove Redundant Logic Cells                                               ; Off                ; Off                ;
; Remove Duplicate Registers                                                 ; On                 ; On                 ;
; Ignore CARRY Buffers                                                       ; Off                ; Off                ;
; Ignore CASCADE Buffers                                                     ; Off                ; Off                ;
; Ignore GLOBAL Buffers                                                      ; Off                ; Off                ;
; Ignore ROW GLOBAL Buffers                                                  ; Off                ; Off                ;
; Ignore LCELL Buffers                                                       ; Off                ; Off                ;
; Ignore SOFT Buffers                                                        ; On                 ; On                 ;
; Limit AHDL Integers to 32 Bits                                             ; Off                ; Off                ;
; Optimization Technique                                                     ; Balanced           ; Balanced           ;
; Carry Chain Length                                                         ; 70                 ; 70                 ;
; Auto Carry Chains                                                          ; On                 ; On                 ;
; Auto Open-Drain Pins                                                       ; On                 ; On                 ;
; Perform WYSIWYG Primitive Resynthesis                                      ; Off                ; Off                ;
; Auto ROM Replacement                                                       ; On                 ; On                 ;
; Auto RAM Replacement                                                       ; On                 ; On                 ;
; Auto DSP Block Replacement                                                 ; On                 ; On                 ;
; Auto Shift Register Replacement                                            ; Auto               ; Auto               ;
; Allow Shift Register Merging across Hierarchies                            ; Auto               ; Auto               ;
; Auto Clock Enable Replacement                                              ; On                 ; On                 ;
; Strict RAM Replacement                                                     ; Off                ; Off                ;
; Allow Synchronous Control Signals                                          ; On                 ; On                 ;
; Force Use of Synchronous Clear Signals                                     ; Off                ; Off                ;
; Auto RAM Block Balancing                                                   ; On                 ; On                 ;
; Auto RAM to Logic Cell Conversion                                          ; Off                ; Off                ;
; Auto Resource Sharing                                                      ; Off                ; Off                ;
; Allow Any RAM Size For Recognition                                         ; Off                ; Off                ;
; Allow Any ROM Size For Recognition                                         ; Off                ; Off                ;
; Allow Any Shift Register Size For Recognition                              ; Off                ; Off                ;
; Use LogicLock Constraints during Resource Balancing                        ; On                 ; On                 ;
; Ignore translate_off and synthesis_off directives                          ; Off                ; Off                ;
; Timing-Driven Synthesis                                                    ; On                 ; On                 ;
; Report Parameter Settings                                                  ; On                 ; On                 ;
; Report Source Assignments                                                  ; On                 ; On                 ;
; Report Connectivity Checks                                                 ; On                 ; On                 ;
; Ignore Maximum Fan-Out Assignments                                         ; Off                ; Off                ;
; Synchronization Register Chain Length                                      ; 2                  ; 2                  ;
; PowerPlay Power Optimization                                               ; Normal compilation ; Normal compilation ;
; HDL message level                                                          ; Level2             ; Level2             ;
; Suppress Register Optimization Related Messages                            ; Off                ; Off                ;
; Number of Removed Registers Reported in Synthesis Report                   ; 5000               ; 5000               ;
; Number of Inverted Registers Reported in Synthesis Report                  ; 100                ; 100                ;
; Clock MUX Protection                                                       ; On                 ; On                 ;
; Auto Gated Clock Conversion                                                ; Off                ; Off                ;
; Block Design Naming                                                        ; Auto               ; Auto               ;
; SDC constraint protection                                                  ; Off                ; Off                ;
; Synthesis Effort                                                           ; Auto               ; Auto               ;
; Shift Register Replacement - Allow Asynchronous Clear Signal               ; On                 ; On                 ;
; Analysis & Synthesis Message Level                                         ; Medium             ; Medium             ;
; Disable Register Merging Across Hierarchies                                ; Auto               ; Auto               ;
; Resource Aware Inference For Block RAM                                     ; On                 ; On                 ;
; Synthesis Seed                                                             ; 1                  ; 1                  ;
+----------------------------------------------------------------------------+--------------------+--------------------+


+------------------------------------------+
; Parallel Compilation                     ;
+----------------------------+-------------+
; Processors                 ; Number      ;
+----------------------------+-------------+
; Number detected on machine ; 4           ;
; Maximum allowed            ; 4           ;
;                            ;             ;
; Average used               ; 1.00        ;
; Maximum used               ; 1           ;
;                            ;             ;
; Usage by Processor         ; % Time Used ;
;     1 processor            ; 100.0%      ;
;     2-4 processors         ;   0.0%      ;
+----------------------------+-------------+


+----------------------------------------------------------------------------------------------------------------------------------------------------------+
; Analysis & Synthesis Source Files Read                                                                                                                   ;
+----------------------------------+-----------------+------------------------------+----------------------------------------------------------------------+
; File Name with User-Entered Path ; Used in Netlist ; File Type                    ; File Name with Absolute Path                                         ;
+----------------------------------+-----------------+------------------------------+----------------------------------------------------------------------+
; fifo.v                           ; yes             ; User Verilog HDL File        ; C:/Users/hgd/Desktop/fifo/fifo.v                                     ;
; altsyncram.tdf                   ; yes             ; Megafunction                 ; c:/altera/11.0/quartus/libraries/megafunctions/altsyncram.tdf        ;
; stratix_ram_block.inc            ; yes             ; Megafunction                 ; c:/altera/11.0/quartus/libraries/megafunctions/stratix_ram_block.inc ;
; lpm_mux.inc                      ; yes             ; Megafunction                 ; c:/altera/11.0/quartus/libraries/megafunctions/lpm_mux.inc           ;
; lpm_decode.inc                   ; yes             ; Megafunction                 ; c:/altera/11.0/quartus/libraries/megafunctions/lpm_decode.inc        ;
; aglobal110.inc                   ; yes             ; Megafunction                 ; c:/altera/11.0/quartus/libraries/megafunctions/aglobal110.inc        ;
; a_rdenreg.inc                    ; yes             ; Megafunction                 ; c:/altera/11.0/quartus/libraries/megafunctions/a_rdenreg.inc         ;
; altrom.inc                       ; yes             ; Megafunction                 ; c:/altera/11.0/quartus/libraries/megafunctions/altrom.inc            ;
; altram.inc                       ; yes             ; Megafunction                 ; c:/altera/11.0/quartus/libraries/megafunctions/altram.inc            ;
; altdpram.inc                     ; yes             ; Megafunction                 ; c:/altera/11.0/quartus/libraries/megafunctions/altdpram.inc          ;
; db/altsyncram_4dc1.tdf           ; yes             ; Auto-Generated Megafunction  ; C:/Users/hgd/Desktop/fifo/db/altsyncram_4dc1.tdf                     ;
+----------------------------------+-----------------+------------------------------+----------------------------------------------------------------------+


+-----------------------------------------------------+
; Analysis & Synthesis Resource Usage Summary         ;
+---------------------------------------------+-------+
; Resource                                    ; Usage ;
+---------------------------------------------+-------+
; Estimated Total logic elements              ; 163   ;
;                                             ;       ;
; Total combinational functions               ; 138   ;
; Logic element usage by number of LUT inputs ;       ;
;     -- 4 input functions                    ; 57    ;
;     -- 3 input functions                    ; 27    ;
;     -- <=2 input functions                  ; 54    ;
;                                             ;       ;
; Logic elements by mode                      ;       ;
;     -- normal mode                          ; 97    ;
;     -- arithmetic mode                      ; 41    ;
;                                             ;       ;
; Total registers                             ; 79    ;
;     -- Dedicated logic registers            ; 79    ;
;     -- I/O registers                        ; 0     ;
;                                             ;       ;
; I/O pins                                    ; 18    ;
; Total memory bits                           ; 512   ;
; Maximum fan-out node                        ; div   ;
; Maximum fan-out                             ; 59    ;
; Total fan-out                               ; 694   ;
; Average fan-out                             ; 2.70  ;
+---------------------------------------------+-------+


+-------------------------------------------------------------------------------------------------------------------------------------------------------------------------------------------------------------------------------+
; Analysis & Synthesis Resource Utilization by Entity                                                                                                                                                                           ;
+----------------------------------------+-------------------+--------------+-------------+--------------+---------+-----------+------+--------------+-----------------------------------------------------------+--------------+
; Compilation Hierarchy Node             ; LC Combinationals ; LC Registers ; Memory Bits ; DSP Elements ; DSP 9x9 ; DSP 18x18 ; Pins ; Virtual Pins ; Full Hierarchy Name                                       ; Library Name ;
+----------------------------------------+-------------------+--------------+-------------+--------------+---------+-----------+------+--------------+-----------------------------------------------------------+--------------+
; |fifo                                  ; 138 (138)         ; 79 (79)      ; 512         ; 0            ; 0       ; 0         ; 18   ; 0            ; |fifo                                                     ;              ;
;    |altsyncram:ram_rtl_0|              ; 0 (0)             ; 0 (0)        ; 512         ; 0            ; 0       ; 0         ; 0    ; 0            ; |fifo|altsyncram:ram_rtl_0                                ;              ;
;       |altsyncram_4dc1:auto_generated| ; 0 (0)             ; 0 (0)        ; 512         ; 0            ; 0       ; 0         ; 0    ; 0            ; |fifo|altsyncram:ram_rtl_0|altsyncram_4dc1:auto_generated ;              ;
+----------------------------------------+-------------------+--------------+-------------+--------------+---------+-----------+------+--------------+-----------------------------------------------------------+--------------+
Note: For table entries with two numbers listed, the numbers in parentheses indicate the number of resources of the given type used by the specific entity alone. The numbers listed outside of parentheses indicate the total resources of the given type used by the specific entity and all of its sub-entities in the hierarchy.


+--------------------------------------------------------------------------------------------------------------------------------------------------------------------+
; Analysis & Synthesis RAM Summary                                                                                                                                   ;
+----------------------------------------------------------------+------+------------------+--------------+--------------+--------------+--------------+------+------+
; Name                                                           ; Type ; Mode             ; Port A Depth ; Port A Width ; Port B Depth ; Port B Width ; Size ; MIF  ;
+----------------------------------------------------------------+------+------------------+--------------+--------------+--------------+--------------+------+------+
; altsyncram:ram_rtl_0|altsyncram_4dc1:auto_generated|ALTSYNCRAM ; AUTO ; Simple Dual Port ; 128          ; 4            ; 128          ; 4            ; 512  ; None ;
+----------------------------------------------------------------+------+------------------+--------------+--------------+--------------+--------------+------+------+


+--------------------------------------------------------------------------------+
; Registers Removed During Synthesis                                             ;
+---------------------------------------+----------------------------------------+
; Register name                         ; Reason for Removal                     ;
+---------------------------------------+----------------------------------------+
; digitron_select~reg0                  ; Stuck at GND due to stuck port data_in ;
; Total Number of Removed Registers = 1 ;                                        ;
+---------------------------------------+----------------------------------------+


+------------------------------------------------------+
; General Register Statistics                          ;
+----------------------------------------------+-------+
; Statistic                                    ; Value ;
+----------------------------------------------+-------+
; Total registers                              ; 79    ;
; Number of registers using Synchronous Clear  ; 13    ;
; Number of registers using Synchronous Load   ; 1     ;
; Number of registers using Asynchronous Clear ; 0     ;
; Number of registers using Asynchronous Load  ; 0     ;
; Number of registers using Clock Enable       ; 20    ;
; Number of registers using Preset             ; 0     ;
+----------------------------------------------+-------+


+--------------------------------------------------+
; Inverted Register Statistics                     ;
+----------------------------------------+---------+
; Inverted Register                      ; Fan out ;
+----------------------------------------+---------+
; clock_count[0]                         ; 2       ;
; clock_count[1]                         ; 2       ;
; clock_count[2]                         ; 2       ;
; clock_count[3]                         ; 2       ;
; clock_count[4]                         ; 2       ;
; clock_count[5]                         ; 2       ;
; clock_count[6]                         ; 2       ;
; Total number of inverted registers = 7 ;         ;
+----------------------------------------+---------+


+--------------------------------------------+
; Registers Added for RAM Pass-Through Logic ;
+----------------------+---------------------+
; Register Name        ; RAM Name            ;
+----------------------+---------------------+
; ram_rtl_0_bypass[0]  ; ram_rtl_0           ;
; ram_rtl_0_bypass[1]  ; ram_rtl_0           ;
; ram_rtl_0_bypass[2]  ; ram_rtl_0           ;
; ram_rtl_0_bypass[3]  ; ram_rtl_0           ;
; ram_rtl_0_bypass[4]  ; ram_rtl_0           ;
; ram_rtl_0_bypass[5]  ; ram_rtl_0           ;
; ram_rtl_0_bypass[6]  ; ram_rtl_0           ;
; ram_rtl_0_bypass[7]  ; ram_rtl_0           ;
; ram_rtl_0_bypass[8]  ; ram_rtl_0           ;
; ram_rtl_0_bypass[9]  ; ram_rtl_0           ;
; ram_rtl_0_bypass[10] ; ram_rtl_0           ;
; ram_rtl_0_bypass[11] ; ram_rtl_0           ;
; ram_rtl_0_bypass[12] ; ram_rtl_0           ;
; ram_rtl_0_bypass[13] ; ram_rtl_0           ;
; ram_rtl_0_bypass[14] ; ram_rtl_0           ;
; ram_rtl_0_bypass[15] ; ram_rtl_0           ;
; ram_rtl_0_bypass[16] ; ram_rtl_0           ;
; ram_rtl_0_bypass[17] ; ram_rtl_0           ;
; ram_rtl_0_bypass[18] ; ram_rtl_0           ;
; ram_rtl_0_bypass[19] ; ram_rtl_0           ;
; ram_rtl_0_bypass[20] ; ram_rtl_0           ;
; ram_rtl_0_bypass[21] ; ram_rtl_0           ;
; ram_rtl_0_bypass[22] ; ram_rtl_0           ;
; ram_rtl_0_bypass[23] ; ram_rtl_0           ;
; ram_rtl_0_bypass[24] ; ram_rtl_0           ;
; ram_rtl_0_bypass[25] ; ram_rtl_0           ;
+----------------------+---------------------+


+----------------------------------------------------------------------------------------------------------------------------------------------------------+
; Multiplexer Restructuring Statistics (Restructuring Performed)                                                                                           ;
+--------------------+-----------+---------------+----------------------+------------------------+----------------------------+----------------------------+
; Multiplexer Inputs ; Bus Width ; Baseline Area ; Area if Restructured ; Saving if Restructured ; Registered                 ; Example Multiplexer Output ;
+--------------------+-----------+---------------+----------------------+------------------------+----------------------------+----------------------------+
; 6:1                ; 7 bits    ; 28 LEs        ; 7 LEs                ; 21 LEs                 ; |fifo|counter[5]           ;                            ;
; 7:1                ; 6 bits    ; 24 LEs        ; 12 LEs               ; 12 LEs                 ; |fifo|digitron_out[1]~reg0 ;                            ;
; 7:1                ; 7 bits    ; 28 LEs        ; 7 LEs                ; 21 LEs                 ; |fifo|write_ptr[4]         ;                            ;
; 3:1                ; 4 bits    ; 8 LEs         ; 8 LEs                ; 0 LEs                  ; |fifo|ram                  ;                            ;
; 7:1                ; 7 bits    ; 28 LEs        ; 14 LEs               ; 14 LEs                 ; |fifo|read_ptr             ;                            ;
+--------------------+-----------+---------------+----------------------+------------------------+----------------------------+----------------------------+


+----------------------------------------------------------------------------+
; Source assignments for altsyncram:ram_rtl_0|altsyncram_4dc1:auto_generated ;
+---------------------------------+--------------------+------+--------------+
; Assignment                      ; Value              ; From ; To           ;
+---------------------------------+--------------------+------+--------------+
; OPTIMIZE_POWER_DURING_SYNTHESIS ; NORMAL_COMPILATION ; -    ; -            ;
+---------------------------------+--------------------+------+--------------+


+----------------------------------------------------------------------+
; Parameter Settings for User Entity Instance: Top-level Entity: |fifo ;
+----------------+---------+-------------------------------------------+
; Parameter Name ; Value   ; Type                                      ;
+----------------+---------+-------------------------------------------+
; DEPTH          ; 128     ; Signed Integer                            ;
; DEPTH_BINARY   ; 7       ; Signed Integer                            ;
; WIDTH          ; 4       ; Signed Integer                            ;
; MAX_CONT       ; 1111111 ; Unsigned Binary                           ;
; digitron_0     ; 0000001 ; Unsigned Binary                           ;
; digitron_1     ; 1001111 ; Unsigned Binary                           ;
; digitron_2     ; 0010010 ; Unsigned Binary                           ;
; digitron_3     ; 0000110 ; Unsigned Binary                           ;
; digitron_4     ; 1001100 ; Unsigned Binary                           ;
; digitron_5     ; 0100100 ; Unsigned Binary                           ;
; digitron_6     ; 0100000 ; Unsigned Binary                           ;
; digitron_7     ; 0001111 ; Unsigned Binary                           ;
; digitron_8     ; 0000000 ; Unsigned Binary                           ;
; digitron_9     ; 0000100 ; Unsigned Binary                           ;
; digitron_a     ; 0011000 ; Unsigned Binary                           ;
; digitron_b     ; 1100000 ; Unsigned Binary                           ;
; digitron_c     ; 1110010 ; Unsigned Binary                           ;
; digitron_d     ; 1000010 ; Unsigned Binary                           ;
; digitron_e     ; 0110000 ; Unsigned Binary                           ;
; digitron_f     ; 0111000 ; Unsigned Binary                           ;
+----------------+---------+-------------------------------------------+
Note: In order to hide this table in the UI and the text report file, please set the "Show Parameter Settings in Synthesis Report" option in "Analysis and Synthesis Settings -> More Settings" to "Off".


+----------------------------------------------------------------------------+
; Parameter Settings for Inferred Entity Instance: altsyncram:ram_rtl_0      ;
+------------------------------------+----------------------+----------------+
; Parameter Name                     ; Value                ; Type           ;
+------------------------------------+----------------------+----------------+
; BYTE_SIZE_BLOCK                    ; 8                    ; Untyped        ;
; AUTO_CARRY_CHAINS                  ; ON                   ; AUTO_CARRY     ;
; IGNORE_CARRY_BUFFERS               ; OFF                  ; IGNORE_CARRY   ;
; AUTO_CASCADE_CHAINS                ; ON                   ; AUTO_CASCADE   ;
; IGNORE_CASCADE_BUFFERS             ; OFF                  ; IGNORE_CASCADE ;
; WIDTH_BYTEENA                      ; 1                    ; Untyped        ;
; OPERATION_MODE                     ; DUAL_PORT            ; Untyped        ;
; WIDTH_A                            ; 4                    ; Untyped        ;
; WIDTHAD_A                          ; 7                    ; Untyped        ;
; NUMWORDS_A                         ; 128                  ; Untyped        ;
; OUTDATA_REG_A                      ; UNREGISTERED         ; Untyped        ;
; ADDRESS_ACLR_A                     ; NONE                 ; Untyped        ;
; OUTDATA_ACLR_A                     ; NONE                 ; Untyped        ;
; WRCONTROL_ACLR_A                   ; NONE                 ; Untyped        ;
; INDATA_ACLR_A                      ; NONE                 ; Untyped        ;
; BYTEENA_ACLR_A                     ; NONE                 ; Untyped        ;
; WIDTH_B                            ; 4                    ; Untyped        ;
; WIDTHAD_B                          ; 7                    ; Untyped        ;
; NUMWORDS_B                         ; 128                  ; Untyped        ;
; INDATA_REG_B                       ; CLOCK1               ; Untyped        ;
; WRCONTROL_WRADDRESS_REG_B          ; CLOCK1               ; Untyped        ;
; RDCONTROL_REG_B                    ; CLOCK1               ; Untyped        ;
; ADDRESS_REG_B                      ; CLOCK0               ; Untyped        ;
; OUTDATA_REG_B                      ; UNREGISTERED         ; Untyped        ;
; BYTEENA_REG_B                      ; CLOCK1               ; Untyped        ;
; INDATA_ACLR_B                      ; NONE                 ; Untyped        ;
; WRCONTROL_ACLR_B                   ; NONE                 ; Untyped        ;
; ADDRESS_ACLR_B                     ; NONE                 ; Untyped        ;
; OUTDATA_ACLR_B                     ; NONE                 ; Untyped        ;
; RDCONTROL_ACLR_B                   ; NONE                 ; Untyped        ;
; BYTEENA_ACLR_B                     ; NONE                 ; Untyped        ;
; WIDTH_BYTEENA_A                    ; 1                    ; Untyped        ;
; WIDTH_BYTEENA_B                    ; 1                    ; Untyped        ;
; RAM_BLOCK_TYPE                     ; AUTO                 ; Untyped        ;
; BYTE_SIZE                          ; 8                    ; Untyped        ;
; READ_DURING_WRITE_MODE_MIXED_PORTS ; DONT_CARE            ; Untyped        ;
; READ_DURING_WRITE_MODE_PORT_A      ; NEW_DATA_NO_NBE_READ ; Untyped        ;
; READ_DURING_WRITE_MODE_PORT_B      ; NEW_DATA_NO_NBE_READ ; Untyped        ;
; INIT_FILE                          ; UNUSED               ; Untyped        ;
; INIT_FILE_LAYOUT                   ; PORT_A               ; Untyped        ;
; MAXIMUM_DEPTH                      ; 0                    ; Untyped        ;
; CLOCK_ENABLE_INPUT_A               ; NORMAL               ; Untyped        ;
; CLOCK_ENABLE_INPUT_B               ; NORMAL               ; Untyped        ;
; CLOCK_ENABLE_OUTPUT_A              ; NORMAL               ; Untyped        ;
; CLOCK_ENABLE_OUTPUT_B              ; NORMAL               ; Untyped        ;
; CLOCK_ENABLE_CORE_A                ; USE_INPUT_CLKEN      ; Untyped        ;
; CLOCK_ENABLE_CORE_B                ; USE_INPUT_CLKEN      ; Untyped        ;
; ENABLE_ECC                         ; FALSE                ; Untyped        ;
; WIDTH_ECCSTATUS                    ; 3                    ; Untyped        ;
; DEVICE_FAMILY                      ; Cyclone IV E         ; Untyped        ;
; CBXI_PARAMETER                     ; altsyncram_4dc1      ; Untyped        ;
+------------------------------------+----------------------+----------------+
Note: In order to hide this table in the UI and the text report file, please set the "Show Parameter Settings in Synthesis Report" option in "Analysis and Synthesis Settings -> More Settings" to "Off".


+------------------------------------------------------------------+
; altsyncram Parameter Settings by Entity Instance                 ;
+-------------------------------------------+----------------------+
; Name                                      ; Value                ;
+-------------------------------------------+----------------------+
; Number of entity instances                ; 1                    ;
; Entity Instance                           ; altsyncram:ram_rtl_0 ;
;     -- OPERATION_MODE                     ; DUAL_PORT            ;
;     -- WIDTH_A                            ; 4                    ;
;     -- NUMWORDS_A                         ; 128                  ;
;     -- OUTDATA_REG_A                      ; UNREGISTERED         ;
;     -- WIDTH_B                            ; 4                    ;
;     -- NUMWORDS_B                         ; 128                  ;
;     -- ADDRESS_REG_B                      ; CLOCK0               ;
;     -- OUTDATA_REG_B                      ; UNREGISTERED         ;
;     -- RAM_BLOCK_TYPE                     ; AUTO                 ;
;     -- READ_DURING_WRITE_MODE_MIXED_PORTS ; DONT_CARE            ;
+-------------------------------------------+----------------------+


+-------------------------------+
; Elapsed Time Per Partition    ;
+----------------+--------------+
; Partition Name ; Elapsed Time ;
+----------------+--------------+
; Top            ; 00:00:00     ;
+----------------+--------------+


+-------------------------------+
; Analysis & Synthesis Messages ;
+-------------------------------+
Info: *******************************************************************
Info: Running Quartus II Analysis & Synthesis
    Info: Version 11.0 Build 157 04/27/2011 SJ Full Version
    Info: Processing started: Tue Jun 13 10:28:02 2017
Info: Command: quartus_map --read_settings_files=on --write_settings_files=off fifo -c fifo
Info: Parallel compilation is enabled and will use 4 of the 4 processors detected
Info: Found 1 design units, including 1 entities, in source file fifo.v
    Info: Found entity 1: fifo
Info: Elaborating entity "fifo" for the top level hierarchy
Warning (10230): Verilog HDL assignment warning at fifo.v(84): truncated value with size 32 to match size of target (24)
Warning (10230): Verilog HDL assignment warning at fifo.v(113): truncated value with size 32 to match size of target (7)
Warning (10230): Verilog HDL assignment warning at fifo.v(114): truncated value with size 32 to match size of target (7)
Warning (10230): Verilog HDL assignment warning at fifo.v(140): truncated value with size 32 to match size of target (7)
Warning (10230): Verilog HDL assignment warning at fifo.v(141): truncated value with size 32 to match size of target (7)
Warning (10230): Verilog HDL assignment warning at fifo.v(191): truncated value with size 32 to match size of target (7)
Warning (10230): Verilog HDL assignment warning at fifo.v(192): truncated value with size 32 to match size of target (7)
Warning: Inferred RAM node "ram_rtl_0" from synchronous design logic.  Pass-through logic has been added to match the read-during-write behavior of the original design.
Info: Inferred 1 megafunctions from design logic
    Info: Inferred altsyncram megafunction from the following design logic: "ram_rtl_0" 
        Info: Parameter OPERATION_MODE set to DUAL_PORT
        Info: Parameter WIDTH_A set to 4
        Info: Parameter WIDTHAD_A set to 7
        Info: Parameter NUMWORDS_A set to 128
        Info: Parameter WIDTH_B set to 4
        Info: Parameter WIDTHAD_B set to 7
        Info: Parameter NUMWORDS_B set to 128
        Info: Parameter ADDRESS_ACLR_A set to NONE
        Info: Parameter OUTDATA_REG_B set to UNREGISTERED
        Info: Parameter ADDRESS_ACLR_B set to NONE
        Info: Parameter OUTDATA_ACLR_B set to NONE
        Info: Parameter ADDRESS_REG_B set to CLOCK0
        Info: Parameter INDATA_ACLR_A set to NONE
        Info: Parameter WRCONTROL_ACLR_A set to NONE
Info: Elaborated megafunction instantiation "altsyncram:ram_rtl_0"
Info: Instantiated megafunction "altsyncram:ram_rtl_0" with the following parameter:
    Info: Parameter "OPERATION_MODE" = "DUAL_PORT"
    Info: Parameter "WIDTH_A" = "4"
    Info: Parameter "WIDTHAD_A" = "7"
    Info: Parameter "NUMWORDS_A" = "128"
    Info: Parameter "WIDTH_B" = "4"
    Info: Parameter "WIDTHAD_B" = "7"
    Info: Parameter "NUMWORDS_B" = "128"
    Info: Parameter "ADDRESS_ACLR_A" = "NONE"
    Info: Parameter "OUTDATA_REG_B" = "UNREGISTERED"
    Info: Parameter "ADDRESS_ACLR_B" = "NONE"
    Info: Parameter "OUTDATA_ACLR_B" = "NONE"
    Info: Parameter "ADDRESS_REG_B" = "CLOCK0"
    Info: Parameter "INDATA_ACLR_A" = "NONE"
    Info: Parameter "WRCONTROL_ACLR_A" = "NONE"
Info: Found 1 design units, including 1 entities, in source file db/altsyncram_4dc1.tdf
    Info: Found entity 1: altsyncram_4dc1
Warning: Output pins are stuck at VCC or GND
    Warning (13410): Pin "digitron_select" is stuck at GND
Info: Timing-Driven Synthesis is running
Info: Generated suppressed messages file C:/Users/hgd/Desktop/fifo/fifo.map.smsg
Info: Generating hard_block partition "hard_block:auto_generated_inst"
Info: Implemented 193 device resources after synthesis - the final resource count might be different
    Info: Implemented 8 input pins
    Info: Implemented 10 output pins
    Info: Implemented 171 logic cells
    Info: Implemented 4 RAM segments
Info: Quartus II Analysis & Synthesis was successful. 0 errors, 10 warnings
    Info: Peak virtual memory: 265 megabytes
    Info: Processing ended: Tue Jun 13 10:28:03 2017
    Info: Elapsed time: 00:00:01
    Info: Total CPU time (on all processors): 00:00:01


+------------------------------------------+
; Analysis & Synthesis Suppressed Messages ;
+------------------------------------------+
The suppressed messages can be found in C:/Users/hgd/Desktop/fifo/fifo.map.smsg.


